0 info it worked if it ends with ok
1 verbose cli [
1 verbose cli   '/data/app/io.tempage.dorynode-Q3mWoQEuVEpL2zV2ebp-wA==/lib/arm64/lib_node_v16.so',
1 verbose cli   '/data/user/0/io.tempage.dorynode/files/bin/npm',
1 verbose cli   'install',
1 verbose cli   '-g'
1 verbose cli ]
2 info using npm@6.14.17
3 info using node@v16.15.1
4 verbose npm-session 8f19e7522091123f
5 silly install loadCurrentTree
6 silly install readGlobalPackageData
7 silly fetchPackageMetaData error for file: Could not install from "" as it does not contain a package.json file.
8 timing stage:rollbackFailedOptional Completed in 8ms
9 timing stage:runTopLevelLifecycles Completed in 145ms
10 verbose stack Error: ENOENT: no such file or directory, open '/data/data/io.tempage.dorynode/files/npm/scripts/package.json'
11 verbose cwd /data/data/io.tempage.dorynode/files/npm/scripts
12 verbose Linux 4.14.141+
13 verbose argv "/data/app/io.tempage.dorynode-Q3mWoQEuVEpL2zV2ebp-wA==/lib/arm64/lib_node_v16.so" "/data/user/0/io.tempage.dorynode/files/bin/npm" "install" "-g"
14 verbose node v16.15.1
15 verbose npm  v6.14.17
16 error code ENOLOCAL
17 error Could not install from "" as it does not contain a package.json file.
18 verbose exit [ 1, true ]
