[debug] [2025-03-31T22:41:14.395Z] ----------------------------------------------------------------------
[debug] [2025-03-31T22:41:14.397Z] Command:       /usr/local/nvm/versions/node/v22.14.0/bin/node /usr/local/node_packages/node_modules/.bin/firebase serve
[debug] [2025-03-31T22:41:14.397Z] CLI Version:   13.28.0
[debug] [2025-03-31T22:41:14.398Z] Platform:      linux
[debug] [2025-03-31T22:41:14.398Z] Node Version:  v22.14.0
[debug] [2025-03-31T22:41:14.398Z] Time:          Mon Mar 31 2025 22:41:14 GMT+0000 (Coordinated Universal Time)
[debug] [2025-03-31T22:41:14.398Z] ----------------------------------------------------------------------
[debug] 
[debug] [2025-03-31T22:41:14.530Z] > command requires scopes: ["email","openid","https://www.googleapis.com/auth/cloudplatformprojects.readonly","https://www.googleapis.com/auth/firebase","https://www.googleapis.com/auth/cloud-platform"]
[debug] [2025-03-31T22:41:14.531Z] > authorizing via signed-in user (allyelvis6569@gmail.com)
[debug] [2025-03-31T22:41:14.531Z] [iam] checking project ecom-421213 for permissions ["firebase.projects.get"]
[debug] [2025-03-31T22:41:14.532Z] Checked if tokens are valid: true, expires at: 1743463981256
[debug] [2025-03-31T22:41:14.532Z] Checked if tokens are valid: true, expires at: 1743463981256
[debug] [2025-03-31T22:41:14.534Z] >>> [apiv2][query] POST https://cloudresourcemanager.googleapis.com/v1/projects/ecom-421213:testIamPermissions [none]
[debug] [2025-03-31T22:41:14.534Z] >>> [apiv2][(partial)header] POST https://cloudresourcemanager.googleapis.com/v1/projects/ecom-421213:testIamPermissions x-goog-quota-user=projects/ecom-421213
[debug] [2025-03-31T22:41:14.534Z] >>> [apiv2][body] POST https://cloudresourcemanager.googleapis.com/v1/projects/ecom-421213:testIamPermissions {"permissions":["firebase.projects.get"]}
[debug] [2025-03-31T22:41:15.174Z] <<< [apiv2][status] POST https://cloudresourcemanager.googleapis.com/v1/projects/ecom-421213:testIamPermissions 200
[debug] [2025-03-31T22:41:15.174Z] <<< [apiv2][body] POST https://cloudresourcemanager.googleapis.com/v1/projects/ecom-421213:testIamPermissions {"permissions":["firebase.projects.get"]}
[debug] [2025-03-31T22:41:15.174Z] Checked if tokens are valid: true, expires at: 1743463981256
[debug] [2025-03-31T22:41:15.175Z] Checked if tokens are valid: true, expires at: 1743463981256
[debug] [2025-03-31T22:41:15.175Z] >>> [apiv2][query] GET https://cloudresourcemanager.googleapis.com/v1/projects/ecom-421213 [none]
[debug] [2025-03-31T22:41:15.341Z] <<< [apiv2][status] GET https://cloudresourcemanager.googleapis.com/v1/projects/ecom-421213 200
[debug] [2025-03-31T22:41:15.342Z] <<< [apiv2][body] GET https://cloudresourcemanager.googleapis.com/v1/projects/ecom-421213 {"projectNumber":"483264832293","projectId":"ecom-421213","lifecycleState":"ACTIVE","name":"ecom","labels":{"firebase":"enabled"},"createTime":"2024-04-23T13:03:44.112425Z"}
[info] 
[info] === Serving from '/home/allyelvis6569/aenzbi'...
[info] 
[debug] [2025-03-31T22:41:15.347Z] Checked if tokens are valid: true, expires at: 1743463981256
[debug] [2025-03-31T22:41:15.347Z] Checked if tokens are valid: true, expires at: 1743463981256
[debug] [2025-03-31T22:41:15.348Z] defaultcredentials: writing to file /home/allyelvis6569/.config/firebase/allyelvis6569_gmail_com_application_default_credentials.json
[debug] [2025-03-31T22:41:15.349Z] >>> [apiv2][query] GET https://firebasehosting.googleapis.com/v1beta1/projects/ecom-421213/sites 
[debug] [2025-03-31T22:41:15.353Z] Setting GAC to /home/allyelvis6569/.config/firebase/allyelvis6569_gmail_com_application_default_credentials.json {"metadata":{"emulator":{"name":"functions"},"message":"Setting GAC to /home/allyelvis6569/.config/firebase/allyelvis6569_gmail_com_application_default_credentials.json"}}
[debug] [2025-03-31T22:41:15.354Z] Checked if tokens are valid: true, expires at: 1743463981256
[debug] [2025-03-31T22:41:15.354Z] Checked if tokens are valid: true, expires at: 1743463981256
[debug] [2025-03-31T22:41:15.355Z] >>> [apiv2][query] GET https://firebase.googleapis.com/v1beta1/projects/ecom-421213/adminSdkConfig [none]
[debug] [2025-03-31T22:41:16.025Z] <<< [apiv2][status] GET https://firebase.googleapis.com/v1beta1/projects/ecom-421213/adminSdkConfig 200
[debug] [2025-03-31T22:41:16.025Z] <<< [apiv2][body] GET https://firebase.googleapis.com/v1beta1/projects/ecom-421213/adminSdkConfig {"projectId":"ecom-421213","databaseURL":"https://ecom-421213-default-rtdb.firebaseio.com","storageBucket":"ecom-421213.appspot.com","locationId":"us-central"}
[debug] [2025-03-31T22:41:16.040Z] Error: listen EADDRINUSE: address already in use 127.0.0.1:5001
    at Server.setupListenHandle [as _listen2] (node:net:1937:16)
    at listenInCluster (node:net:1994:12)
    at GetAddrInfoReqWrap.callback (node:net:2203:7)
    at GetAddrInfoReqWrap.onlookupall [as oncomplete] (node:dns:132:8)
[error] 
[error] Error: An unexpected error has occurred.
